2025-06-10T14:34:15.787+05:30  INFO 68382 --- [backend] [main] c.p.m.backend.BackendApplication         : Starting BackendApplication using Java 22.0.2 with PID 68382 (/Users/shivan/PTT/mini project/backend/target/classes started by shivan in /Users/shivan/PTT/mini project/backend)
2025-06-10T14:34:15.788+05:30  INFO 68382 --- [backend] [main] c.p.m.backend.BackendApplication         : The following 1 profile is active: "dev"
2025-06-10T14:34:16.052+05:30  INFO 68382 --- [backend] [main] .s.d.r.c.RepositoryConfigurationDelegate : Bootstrapping Spring Data JPA repositories in DEFAULT mode.
2025-06-10T14:34:16.076+05:30  INFO 68382 --- [backend] [main] .s.d.r.c.RepositoryConfigurationDelegate : Finished Spring Data repository scanning in 21 ms. Found 4 JPA repository interfaces.
2025-06-10T14:34:16.382+05:30  INFO 68382 --- [backend] [main] o.s.b.w.embedded.tomcat.TomcatWebServer  : Tomcat initialized with port 8080 (http)
2025-06-10T14:34:16.388+05:30  INFO 68382 --- [backend] [main] o.apache.catalina.core.StandardService   : Starting service [Tomcat]
2025-06-10T14:34:16.388+05:30  INFO 68382 --- [backend] [main] o.apache.catalina.core.StandardEngine    : Starting Servlet engine: [Apache Tomcat/10.1.39]
2025-06-10T14:34:16.408+05:30  INFO 68382 --- [backend] [main] o.a.c.c.C.[Tomcat].[localhost].[/]       : Initializing Spring embedded WebApplicationContext
2025-06-10T14:34:16.409+05:30  INFO 68382 --- [backend] [main] w.s.c.ServletWebServerApplicationContext : Root WebApplicationContext: initialization completed in 606 ms
2025-06-10T14:34:16.487+05:30  INFO 68382 --- [backend] [main] o.hibernate.jpa.internal.util.LogHelper  : HHH000204: Processing PersistenceUnitInfo [name: default]
2025-06-10T14:34:16.509+05:30  INFO 68382 --- [backend] [main] org.hibernate.Version                    : HHH000412: Hibernate ORM core version 6.6.11.Final
2025-06-10T14:34:16.522+05:30  INFO 68382 --- [backend] [main] o.h.c.internal.RegionFactoryInitiator    : HHH000026: Second-level cache disabled
2025-06-10T14:34:16.627+05:30  INFO 68382 --- [backend] [main] o.s.o.j.p.SpringPersistenceUnitInfo      : No LoadTimeWeaver setup: ignoring JPA class transformer
2025-06-10T14:34:16.639+05:30  INFO 68382 --- [backend] [main] com.zaxxer.hikari.HikariDataSource       : HikariPool-1 - Starting...
2025-06-10T14:34:16.708+05:30  INFO 68382 --- [backend] [main] com.zaxxer.hikari.pool.HikariPool        : HikariPool-1 - Added connection org.postgresql.jdbc.PgConnection@642c72cf
2025-06-10T14:34:16.709+05:30  INFO 68382 --- [backend] [main] com.zaxxer.hikari.HikariDataSource       : HikariPool-1 - Start completed.
2025-06-10T14:34:16.729+05:30  WARN 68382 --- [backend] [main] org.hibernate.orm.deprecation            : HHH90000025: PostgreSQLDialect does not need to be specified explicitly using 'hibernate.dialect' (remove the property setting and it will be selected by default)
2025-06-10T14:34:16.735+05:30  INFO 68382 --- [backend] [main] org.hibernate.orm.connections.pooling    : HHH10001005: Database info:
	Database JDBC URL [Connecting through datasource 'HikariDataSource (HikariPool-1)']
	Database driver: undefined/unknown
	Database version: 14.17
	Autocommit mode: undefined/unknown
	Isolation level: undefined/unknown
	Minimum pool size: undefined/unknown
	Maximum pool size: undefined/unknown
2025-06-10T14:34:17.094+05:30  INFO 68382 --- [backend] [main] o.h.e.t.j.p.i.JtaPlatformInitiator       : HHH000489: No JTA platform available (set 'hibernate.transaction.jta.platform' to enable JTA platform integration)
2025-06-10T14:34:17.232+05:30  INFO 68382 --- [backend] [main] j.LocalContainerEntityManagerFactoryBean : Initialized JPA EntityManagerFactory for persistence unit 'default'
2025-06-10T14:34:17.453+05:30  INFO 68382 --- [backend] [main] o.s.d.j.r.query.QueryEnhancerFactory     : Hibernate is in classpath; If applicable, HQL parser will be used.
2025-06-10T14:34:17.859+05:30  INFO 68382 --- [backend] [main] eAuthenticationProviderManagerConfigurer : Global AuthenticationManager configured with AuthenticationProvider bean with name authenticationProvider
2025-06-10T14:34:17.859+05:30  WARN 68382 --- [backend] [main] r$InitializeUserDetailsManagerConfigurer : Global AuthenticationManager configured with an AuthenticationProvider bean. UserDetailsService beans will not be used by Spring Security for automatically configuring username/password login. Consider removing the AuthenticationProvider bean. Alternatively, consider using the UserDetailsService in a manually instantiated DaoAuthenticationProvider. If the current configuration is intentional, to turn off this warning, increase the logging level of 'org.springframework.security.config.annotation.authentication.configuration.InitializeUserDetailsBeanManagerConfigurer' to ERROR
2025-06-10T14:34:17.877+05:30  WARN 68382 --- [backend] [main] JpaBaseConfiguration$JpaWebConfiguration : spring.jpa.open-in-view is enabled by default. Therefore, database queries may be performed during view rendering. Explicitly configure spring.jpa.open-in-view to disable this warning
2025-06-10T14:34:18.110+05:30  INFO 68382 --- [backend] [main] o.s.b.w.embedded.tomcat.TomcatWebServer  : Tomcat started on port 8080 (http) with context path '/'
2025-06-10T14:34:18.114+05:30  INFO 68382 --- [backend] [main] c.p.m.backend.BackendApplication         : Started BackendApplication in 2.574 seconds (process running for 2.821)
2025-06-10T14:35:26.071+05:30  INFO 68382 --- [backend] [http-nio-8080-exec-1] o.a.c.c.C.[Tomcat].[localhost].[/]       : Initializing Spring DispatcherServlet 'dispatcherServlet'
2025-06-10T14:35:26.071+05:30  INFO 68382 --- [backend] [http-nio-8080-exec-1] o.s.web.servlet.DispatcherServlet        : Initializing Servlet 'dispatcherServlet'
2025-06-10T14:35:26.072+05:30  INFO 68382 --- [backend] [http-nio-8080-exec-1] o.s.web.servlet.DispatcherServlet        : Completed initialization in 1 ms
2025-06-10T14:35:26.090+05:30  INFO 68382 --- [backend] [http-nio-8080-exec-2] c.p.m.b.configs.JwtAuthenticationFilter  : JWT Filter processing request: POST /api/orders/postNewOrder
2025-06-10T14:35:26.091+05:30  INFO 68382 --- [backend] [http-nio-8080-exec-2] c.p.m.b.configs.JwtAuthenticationFilter  : Authorization header: Bearer eyJhbGciOiJIUzI1NiJ9.eyJyb2xlIjoiQURNSU4iLCJzdWIiOiJhZG1pbkBnbWFpbC5jb20iLCJpc3MiOiJSRVNUQVVSQU5UIiwiaWF0IjoxNzQ5NTQ2MDU3LCJleHAiOjE3NDk1ODIwNTd9.f00MMgFCdpW4WENwxUXAKTRxg-P1PeO1x0IZfpvwN74
2025-06-10T14:35:26.129+05:30  INFO 68382 --- [backend] [http-nio-8080-exec-2] c.p.m.b.configs.JwtAuthenticationFilter  : Extracted username: admin@gmail.com
2025-06-10T14:35:26.187+05:30  INFO 68382 --- [backend] [http-nio-8080-exec-2] c.p.m.b.configs.JwtAuthenticationFilter  : Loaded user details for: admin@gmail.com
2025-06-10T14:35:26.188+05:30  INFO 68382 --- [backend] [http-nio-8080-exec-2] c.p.m.b.configs.JwtAuthenticationFilter  : Token valid: true
2025-06-10T14:35:26.188+05:30  INFO 68382 --- [backend] [http-nio-8080-exec-2] c.p.m.b.configs.JwtAuthenticationFilter  : Authentication set in SecurityContext
2025-06-10T14:35:26.258+05:30  INFO 68382 --- [backend] [http-nio-8080-exec-2] c.p.m.backend.aspects.LoggingAspect      : Returned obj, <200 OK OK,Order(id=2, orderItems=[OrderItem(itemName=idli, price=30.0, quantity=1), OrderItem(itemName=idli, price=30.0, quantity=1)], isFinalized=true, isCompleted=false, totalPrice=60.0, user=User(id=1, email=admin@gmail.com, password=$2a$12$SVaDFSLGYp61QA9u/dj8guZfh8gY9vCjTUTp5mp7gqndyizL40o96, username=admin, role=ADMIN), date=null),[]>
2025-06-10T14:35:26.259+05:30  INFO 68382 --- [backend] [http-nio-8080-exec-2] c.p.m.backend.aspects.LoggingAspect      : 
2025-06-10T14:35:29.930+05:30  INFO 68382 --- [backend] [http-nio-8080-exec-4] c.p.m.b.configs.JwtAuthenticationFilter  : JWT Filter processing request: GET /api/items/getItemsAvailableByCategory/DINNER
2025-06-10T14:35:29.931+05:30  INFO 68382 --- [backend] [http-nio-8080-exec-4] c.p.m.b.configs.JwtAuthenticationFilter  : Authorization header: Bearer eyJhbGciOiJIUzI1NiJ9.eyJyb2xlIjoiQURNSU4iLCJzdWIiOiJhZG1pbkBnbWFpbC5jb20iLCJpc3MiOiJSRVNUQVVSQU5UIiwiaWF0IjoxNzQ5NTQ2MDU3LCJleHAiOjE3NDk1ODIwNTd9.f00MMgFCdpW4WENwxUXAKTRxg-P1PeO1x0IZfpvwN74
2025-06-10T14:35:29.932+05:30  INFO 68382 --- [backend] [http-nio-8080-exec-4] c.p.m.b.configs.JwtAuthenticationFilter  : Extracted username: admin@gmail.com
2025-06-10T14:35:29.938+05:30  INFO 68382 --- [backend] [http-nio-8080-exec-4] c.p.m.b.configs.JwtAuthenticationFilter  : Loaded user details for: admin@gmail.com
2025-06-10T14:35:29.940+05:30  INFO 68382 --- [backend] [http-nio-8080-exec-4] c.p.m.b.configs.JwtAuthenticationFilter  : Token valid: true
2025-06-10T14:35:29.941+05:30  INFO 68382 --- [backend] [http-nio-8080-exec-4] c.p.m.b.configs.JwtAuthenticationFilter  : Authentication set in SecurityContext
2025-06-10T14:35:29.950+05:30  INFO 68382 --- [backend] [http-nio-8080-exec-4] c.p.m.backend.aspects.LoggingAspect      : Returned obj, <200 OK OK,[],[]>
2025-06-10T14:35:29.950+05:30  INFO 68382 --- [backend] [http-nio-8080-exec-4] c.p.m.backend.aspects.LoggingAspect      : 
2025-06-10T14:35:32.730+05:30  INFO 68382 --- [backend] [http-nio-8080-exec-6] c.p.m.b.configs.JwtAuthenticationFilter  : JWT Filter processing request: GET /api/items/getItemsAvailableByCategory/LUNCH
2025-06-10T14:35:32.731+05:30  INFO 68382 --- [backend] [http-nio-8080-exec-6] c.p.m.b.configs.JwtAuthenticationFilter  : Authorization header: Bearer eyJhbGciOiJIUzI1NiJ9.eyJyb2xlIjoiQURNSU4iLCJzdWIiOiJhZG1pbkBnbWFpbC5jb20iLCJpc3MiOiJSRVNUQVVSQU5UIiwiaWF0IjoxNzQ5NTQ2MDU3LCJleHAiOjE3NDk1ODIwNTd9.f00MMgFCdpW4WENwxUXAKTRxg-P1PeO1x0IZfpvwN74
2025-06-10T14:35:32.732+05:30  INFO 68382 --- [backend] [http-nio-8080-exec-6] c.p.m.b.configs.JwtAuthenticationFilter  : Extracted username: admin@gmail.com
2025-06-10T14:35:32.738+05:30  INFO 68382 --- [backend] [http-nio-8080-exec-6] c.p.m.b.configs.JwtAuthenticationFilter  : Loaded user details for: admin@gmail.com
2025-06-10T14:35:32.740+05:30  INFO 68382 --- [backend] [http-nio-8080-exec-6] c.p.m.b.configs.JwtAuthenticationFilter  : Token valid: true
2025-06-10T14:35:32.740+05:30  INFO 68382 --- [backend] [http-nio-8080-exec-6] c.p.m.b.configs.JwtAuthenticationFilter  : Authentication set in SecurityContext
2025-06-10T14:35:32.746+05:30  INFO 68382 --- [backend] [http-nio-8080-exec-6] c.p.m.backend.aspects.LoggingAspect      : Returned obj, <200 OK OK,[],[]>
2025-06-10T14:35:32.747+05:30  INFO 68382 --- [backend] [http-nio-8080-exec-6] c.p.m.backend.aspects.LoggingAspect      : 
2025-06-10T14:35:34.922+05:30  INFO 68382 --- [backend] [http-nio-8080-exec-8] c.p.m.b.configs.JwtAuthenticationFilter  : JWT Filter processing request: GET /api/items/getItemsAvailableByCategory/BREAKFAST
2025-06-10T14:35:34.923+05:30  INFO 68382 --- [backend] [http-nio-8080-exec-8] c.p.m.b.configs.JwtAuthenticationFilter  : Authorization header: Bearer eyJhbGciOiJIUzI1NiJ9.eyJyb2xlIjoiQURNSU4iLCJzdWIiOiJhZG1pbkBnbWFpbC5jb20iLCJpc3MiOiJSRVNUQVVSQU5UIiwiaWF0IjoxNzQ5NTQ2MDU3LCJleHAiOjE3NDk1ODIwNTd9.f00MMgFCdpW4WENwxUXAKTRxg-P1PeO1x0IZfpvwN74
2025-06-10T14:35:34.924+05:30  INFO 68382 --- [backend] [http-nio-8080-exec-8] c.p.m.b.configs.JwtAuthenticationFilter  : Extracted username: admin@gmail.com
2025-06-10T14:35:34.931+05:30  INFO 68382 --- [backend] [http-nio-8080-exec-8] c.p.m.b.configs.JwtAuthenticationFilter  : Loaded user details for: admin@gmail.com
2025-06-10T14:35:34.933+05:30  INFO 68382 --- [backend] [http-nio-8080-exec-8] c.p.m.b.configs.JwtAuthenticationFilter  : Token valid: true
2025-06-10T14:35:34.934+05:30  INFO 68382 --- [backend] [http-nio-8080-exec-8] c.p.m.b.configs.JwtAuthenticationFilter  : Authentication set in SecurityContext
2025-06-10T14:35:34.939+05:30  INFO 68382 --- [backend] [http-nio-8080-exec-8] c.p.m.backend.aspects.LoggingAspect      : Returned obj, <200 OK OK,[Item(id=1, item=idli, price=30.0, isAvailable=true, category=BREAKFAST)],[]>
2025-06-10T14:35:34.940+05:30  INFO 68382 --- [backend] [http-nio-8080-exec-8] c.p.m.backend.aspects.LoggingAspect      : 
2025-06-10T14:51:52.503+05:30  WARN 68382 --- [backend] [HikariPool-1 housekeeper] com.zaxxer.hikari.pool.HikariPool        : HikariPool-1 - Thread starvation or clock leap detected (housekeeper delta=15m35s675ms).
2025-06-10T14:56:59.190+05:30  INFO 68382 --- [backend] [SpringApplicationShutdownHook] o.s.b.w.e.tomcat.GracefulShutdown        : Commencing graceful shutdown. Waiting for active requests to complete
2025-06-10T14:56:59.194+05:30  INFO 68382 --- [backend] [tomcat-shutdown] o.s.b.w.e.tomcat.GracefulShutdown        : Graceful shutdown complete
2025-06-10T14:56:59.196+05:30  INFO 68382 --- [backend] [SpringApplicationShutdownHook] j.LocalContainerEntityManagerFactoryBean : Closing JPA EntityManagerFactory for persistence unit 'default'
2025-06-10T14:56:59.199+05:30  INFO 68382 --- [backend] [SpringApplicationShutdownHook] com.zaxxer.hikari.HikariDataSource       : HikariPool-1 - Shutdown initiated...
2025-06-10T14:56:59.200+05:30  INFO 68382 --- [backend] [SpringApplicationShutdownHook] com.zaxxer.hikari.HikariDataSource       : HikariPool-1 - Shutdown completed.
